ERROR     asyncio - ConnectionClosedError exception in shielded future
future: <Future finished exception=ConnectionClosedError(None, Close(code=<CloseCode.INTERNAL_ERROR: 1011>, reason='keepalive ping timeout'), None)>
Traceback (most recent call last):
  File "C:\Users\7629533\OneDrive - Universiteit Utrecht\Desktop\OSWhisper.cpp\.venv\Lib\site-packages\websockets\legacy\protocol.py", line 1276, in close_connection
    await self.transfer_data_task
  File "C:\Users\7629533\OneDrive - Universiteit Utrecht\Desktop\OSWhisper.cpp\.venv\Lib\site-packages\websockets\legacy\protocol.py", line 940, in transfer_data
    message = await self.read_message()
              ^^^^^^^^^^^^^^^^^^^^^^^^^
  File "C:\Users\7629533\OneDrive - Universiteit Utrecht\Desktop\OSWhisper.cpp\.venv\Lib\site-packages\websockets\legacy\protocol.py", line 1010, in read_message
    frame = await self.read_data_frame(max_size=self.max_size)
            ^^^^^^^^^^^^^^^^^^^^^^^^^^^^^^^^^^^^^^^^^^^^^^^^^^
  File "C:\Users\7629533\OneDrive - Universiteit Utrecht\Desktop\OSWhisper.cpp\.venv\Lib\site-packages\websockets\legacy\protocol.py", line 1087, in read_data_frame
    frame = await self.read_frame(max_size)
            ^^^^^^^^^^^^^^^^^^^^^^^^^^^^^^^
  File "C:\Users\7629533\OneDrive - Universiteit Utrecht\Desktop\OSWhisper.cpp\.venv\Lib\site-packages\websockets\legacy\protocol.py", line 1144, in read_frame
    frame = await Frame.read(
            ^^^^^^^^^^^^^^^^^
    ...<4 lines>...
    )
    ^
  File "C:\Users\7629533\OneDrive - Universiteit Utrecht\Desktop\OSWhisper.cpp\.venv\Lib\site-packages\websockets\legacy\framing.py", line 70, in read
    data = await reader(2)
           ^^^^^^^^^^^^^^^
  File "C:\Users\7629533\AppData\Roaming\uv\python\cpython-3.14-windows-x86_64-none\Lib\asyncio\streams.py", line 769, in readexactly
    await self._wait_for_data('readexactly')
  File "C:\Users\7629533\AppData\Roaming\uv\python\cpython-3.14-windows-x86_64-none\Lib\asyncio\streams.py", line 539, in _wait_for_data
    await self._waiter
asyncio.exceptions.CancelledError

The above exception was the direct cause of the following exception:

websockets.exceptions.ConnectionClosedError: sent 1011 (internal error) keepalive ping timeout; no close frame received
